[
  {
    "log_source": "windows",
    "TimeCreated": "2024-01-15T08:15:22.123Z",
    "EventID": "4624",
    "Level": "Information",
    "Task": "Logon",
    "TargetUserName": "jsmith",
    "TargetLogonId": "0x1a2b3c",
    "ProcessName": "winlogon.exe",
    "ProcessId": 1024,
    "NewProcessName": "C:\\Windows\\System32\\winlogon.exe",
    "CommandLine": "winlogon.exe",
    "Computer": "WS-001",
    "WorkstationName": "WS-001",
    "TargetDomainName": "CORP",
    "LogonType": 3,
    "IpAddress": "192.168.1.100",
    "Message": "An account was successfully logged on"
  },
  {
    "log_source": "linux_syslog",
    "timestamp": "2024-01-15T08:16:45.567Z",
    "facility": "auth",
    "severity": "info",
    "hostname": "web-01",
    "tag": "sshd",
    "pid": 2048,
    "message": "Accepted publickey for admin from 10.0.1.50 port 22 ssh2",
    "uid": 1000,
    "user": "admin",
    "cmd": "/usr/sbin/sshd -D",
    "exe": "/usr/sbin/sshd"
  },
  {
    "log_source": "paloalto",
    "time_generated": "2024-01-15T08:17:10.789Z",
    "serial": "PA-VM-001",
    "type": "TRAFFIC",
    "subtype": "end",
    "src": "10.1.1.50",
    "dst": "8.8.8.8",
    "sport": 53241,
    "dport": 443,
    "proto": "tcp",
    "srcuser": "alice",
    "app": "web-browsing",
    "action": "allow",
    "bytes": 2048,
    "bytes_sent": 512,
    "bytes_received": 1536,
    "devicename": "PA-FW-01",
    "vsys": "vsys1",
    "rule": "Allow-Web-Traffic"
  },
  {
    "log_source": "aws_cloudtrail",
    "eventTime": "2024-01-15T08:18:00.000Z",
    "eventID": "12345678-1234-5678-9abc-123456789012",
    "eventName": "AssumeRole",
    "errorCode": null,
    "sourceIPAddress": "203.0.113.12",
    "userIdentity.userName": "service-account",
    "userIdentity.principalId": "AIDACKCEVSQ6C2EXAMPLE",
    "awsRegion": "us-east-1",
    "recipientAccountId": "123456789012",
    "serviceEventDetails": null,
    "responseElements": "{\"credentials\":{\"accessKeyId\":\"AKIAIOSFODNN7EXAMPLE\"}}",
    "requestParameters": "{\"roleArn\":\"arn:aws:iam::123456789012:role/MyRole\"}",
    "resources": "[{\"ARN\":\"arn:aws:iam::123456789012:role/MyRole\"}]",
    "eventSource": "sts.amazonaws.com"
  },
  {
    "log_source": "windows",
    "TimeCreated": "2024-01-15T08:19:15.456Z",
    "EventID": "4688",
    "Level": "Information",
    "Task": "Process Creation",
    "SubjectUserName": "administrator",
    "ProcessName": "cmd.exe",
    "ProcessId": 3072,
    "NewProcessName": "C:\\Windows\\System32\\cmd.exe",
    "CommandLine": "cmd.exe /c dir C:\\Users",
    "ParentProcessName": "explorer.exe",
    "Computer": "SRV-DC-01",
    "Message": "A new process has been created"
  },
  {
    "log_source": "paloalto",
    "time_generated": "2024-01-15T08:20:30.123Z",
    "serial": "PA-VM-002",
    "type": "THREAT",
    "subtype": "vulnerability",
    "src": "172.16.0.10",
    "dst": "172.16.1.100",
    "sport": 1024,
    "dport": 80,
    "proto": "tcp",
    "srcuser": "bob",
    "app": "web-browsing",
    "action": "block-ip",
    "devicename": "PA-FW-02",
    "rule": "Block-Malicious-Traffic"
  },
  {
    "log_source": "linux_syslog",
    "timestamp": "2024-01-15T08:21:45.789Z",
    "facility": "daemon",
    "severity": "warning",
    "hostname": "db-01",
    "tag": "mysqld",
    "pid": 4096,
    "message": "Access denied for user 'root'@'192.168.1.200' (using password: YES)",
    "uid": 27,
    "user": "mysql",
    "exe": "/usr/sbin/mysqld"
  },
  {
    "log_source": "aws_cloudtrail",
    "eventTime": "2024-01-15T08:22:00.000Z",
    "eventID": "87654321-4321-8765-cba9-987654321098",
    "eventName": "CreateBucket",
    "errorCode": "BucketAlreadyExists",
    "sourceIPAddress": "198.51.100.42",
    "userIdentity.userName": "developer",
    "userIdentity.principalId": "AIDAI23HZ27SI6FQMGNQ2",
    "awsRegion": "us-west-2",
    "recipientAccountId": "987654321098",
    "responseElements": null,
    "requestParameters": "{\"bucketName\":\"my-test-bucket-2024\"}",
    "eventSource": "s3.amazonaws.com"
  },
  {
    "log_source": "windows",
    "TimeCreated": "2024-01-15T08:23:10.234Z",
    "EventID": "4625",
    "Level": "Warning",
    "Task": "Logon",
    "TargetUserName": "guest",
    "ProcessName": "lsass.exe",
    "ProcessId": 512,
    "Computer": "WS-002",
    "WorkstationName": "KIOSK-01",
    "TargetDomainName": "WORKGROUP",
    "LogonType": 2,
    "IpAddress": "127.0.0.1",
    "Message": "An account failed to log on"
  },
  {
    "log_source": "linux_syslog",
    "timestamp": "2024-01-15T08:24:33.445Z",
    "facility": "kern",
    "severity": "error",
    "hostname": "mail-01",
    "tag": "kernel",
    "pid": 0,
    "message": "Out of memory: Kill process 1234 (apache2) score 856",
    "uid": 0,
    "user": "root",
    "cmd": "swapper/0",
    "exe": "kernel"
  },
  {
    "log_source": "paloalto",
    "time_generated": "2024-01-15T08:25:44.567Z",
    "serial": "PA-VM-003",
    "type": "TRAFFIC",
    "subtype": "start",
    "src": "192.168.10.50",
    "dst": "104.16.132.229",
    "sport": 49152,
    "dport": 443,
    "proto": "tcp",
    "srcuser": "charlie",
    "app": "ssl",
    "action": "allow",
    "bytes": 0,
    "devicename": "PA-FW-03",
    "vsys": "vsys2",
    "rule": "Internet-Access"
  },
  {
    "log_source": "aws_cloudtrail",
    "eventTime": "2024-01-15T08:26:15.000Z",
    "eventID": "11111111-2222-3333-4444-555555555555",
    "eventName": "PutObject",
    "sourceIPAddress": "10.0.0.100",
    "userIdentity.userName": "data-engineer",
    "userIdentity.principalId": "AIDAI23HZ27SI6FQMGNQ3",
    "awsRegion": "eu-west-1",
    "recipientAccountId": "111122223333",
    "requestParameters": "{\"bucketName\":\"data-lake\",\"key\":\"logs/2024/01/15/data.json\"}",
    "eventSource": "s3.amazonaws.com"
  },
  {
    "log_source": "windows",
    "TimeCreated": "2024-01-15T08:27:22.678Z",
    "EventID": "4648",
    "Level": "Information",
    "Task": "Special Logon",
    "TargetUserName": "service_account",
    "SubjectUserName": "SYSTEM",
    "ProcessName": "services.exe",
    "ProcessId": 668,
    "NewProcessName": "C:\\Windows\\System32\\services.exe",
    "Computer": "SRV-APP-01",
    "Message": "A logon was attempted using explicit credentials"
  },
  {
    "log_source": "linux_syslog",
    "timestamp": "2024-01-15T08:28:11.890Z",
    "facility": "cron",
    "severity": "info",
    "hostname": "backup-01",
    "tag": "CRON",
    "pid": 5678,
    "message": "(root) CMD (/usr/local/bin/backup_script.sh)",
    "uid": 0,
    "user": "root",
    "cmd": "/usr/sbin/cron -f",
    "exe": "/usr/sbin/cron"
  },
  {
    "log_source": "paloalto",
    "time_generated": "2024-01-15T08:29:55.123Z",
    "serial": "PA-VM-004",
    "type": "THREAT",
    "subtype": "spyware",
    "src": "10.0.5.25",
    "dst": "185.199.108.153",
    "sport": 443,
    "dport": 80,
    "proto": "tcp",
    "srcuser": "dave",
    "app": "web-browsing",
    "action": "alert",
    "devicename": "PA-FW-04",
    "rule": "Security-Policy"
  },
  {
    "log_source": "aws_cloudtrail",
    "eventTime": "2024-01-15T08:30:30.000Z",
    "eventID": "22222222-3333-4444-5555-666666666666",
    "eventName": "DescribeInstances",
    "sourceIPAddress": "203.0.113.25",
    "userIdentity.userName": "ops-team",
    "userIdentity.principalId": "AIDAI23HZ27SI6FQMGNQ4",
    "awsRegion": "ap-southeast-1",
    "recipientAccountId": "444455556666",
    "requestParameters": "{\"instancesSet\":{}}",
    "eventSource": "ec2.amazonaws.com"
  },
  {
    "log_source": "windows",
    "TimeCreated": "2024-01-15T08:31:44.456Z",
    "EventID": "4656",
    "Level": "Information",
    "Task": "File System",
    "SubjectUserName": "backup_user",
    "ProcessName": "robocopy.exe",
    "ProcessId": 7890,
    "NewProcessName": "C:\\Windows\\System32\\robocopy.exe",
    "CommandLine": "robocopy D:\\Data E:\\Backup /MIR",
    "TargetObject": "D:\\Data\\important_file.xlsx",
    "Computer": "FILE-SRV-01",
    "Message": "A handle to an object was requested"
  },
  {
    "log_source": "linux_syslog",
    "timestamp": "2024-01-15T08:32:17.789Z",
    "facility": "authpriv",
    "severity": "notice",
    "hostname": "jump-01",
    "tag": "sudo",
    "pid": 9012,
    "message": "admin : TTY=pts/0 ; PWD=/home/admin ; USER=root ; COMMAND=/bin/systemctl restart nginx",
    "uid": 1001,
    "user": "admin",
    "cmd": "sudo systemctl restart nginx",
    "exe": "/usr/bin/sudo"
  },
  {
    "log_source": "paloalto",
    "time_generated": "2024-01-15T08:33:05.234Z",
    "serial": "PA-VM-005",
    "type": "TRAFFIC",
    "subtype": "end",
    "src": "172.20.1.100",
    "dst": "172.20.2.50",
    "sport": 3389,
    "dport": 3389,
    "proto": "tcp",
    "srcuser": "eve",
    "app": "ms-rdp",
    "action": "allow",
    "bytes": 10485760,
    "bytes_sent": 5242880,
    "bytes_received": 5242880,
    "devicename": "PA-FW-05",
    "rule": "RDP-Access"
  },
  {
    "log_source": "aws_cloudtrail",
    "eventTime": "2024-01-15T08:34:00.000Z",
    "eventID": "33333333-4444-5555-6666-777777777777",
    "eventName": "CreateUser",
    "sourceIPAddress": "198.51.100.100",
    "userIdentity.userName": "iam-admin",
    "userIdentity.principalId": "AIDAI23HZ27SI6FQMGNQ5",
    "awsRegion": "us-east-1",
    "recipientAccountId": "777788889999",
    "requestParameters": "{\"userName\":\"new-developer\",\"path\":\"/\"}",
    "responseElements": "{\"user\":{\"userName\":\"new-developer\",\"userId\":\"AIDAI23HZ27SI6FQMGNQ6\"}}",
    "eventSource": "iam.amazonaws.com"
  },
  {
    "log_source": "windows",
    "TimeCreated": "2024-01-15T08:35:12.567Z",
    "EventID": "4672",
    "Level": "Information",
    "Task": "Special privileges",
    "SubjectUserName": "domain_admin",
    "ProcessName": "lsass.exe",
    "ProcessId": 512,
    "Computer": "DC-01",
    "TargetDomainName": "CORP",
    "Message": "Special privileges assigned to new logon"
  },
  {
    "log_source": "linux_syslog",
    "timestamp": "2024-01-15T08:36:33.890Z",
    "facility": "local0",
    "severity": "alert",
    "hostname": "proxy-01",
    "tag": "squid",
    "pid": 3456,
    "message": "TCP_DENIED/403 0 CONNECT malware.com:443 - HIER_NONE/- text/html",
    "uid": 13,
    "user": "proxy",
    "exe": "/usr/sbin/squid"
  },
  {
    "log_source": "paloalto",
    "time_generated": "2024-01-15T08:37:18.345Z",
    "serial": "PA-VM-006",
    "type": "THREAT",
    "subtype": "virus",
    "src": "10.10.10.75",
    "dst": "203.0.113.50",
    "sport": 80,
    "dport": 49200,
    "proto": "tcp",
    "srcuser": "frank",
    "app": "web-browsing",
    "action": "reset-both",
    "devicename": "PA-FW-06",
    "rule": "Antivirus-Policy"
  },
  {
    "log_source": "aws_cloudtrail",
    "eventTime": "2024-01-15T08:38:45.000Z",
    "eventID": "44444444-5555-6666-7777-888888888888",
    "eventName": "DeleteBucket",
    "errorCode": "NoSuchBucket",
    "sourceIPAddress": "10.0.1.200",
    "userIdentity.userName": "cleanup-service",
    "userIdentity.principalId": "AIDAI23HZ27SI6FQMGNQ7",
    "awsRegion": "us-west-1",
    "recipientAccountId": "000011112222",
    "requestParameters": "{\"bucketName\":\"old-data-bucket\"}",
    "eventSource": "s3.amazonaws.com"
  },
  {
    "log_source": "windows",
    "TimeCreated": "2024-01-15T08:39:27.123Z",
    "EventID": "4634",
    "Level": "Information",
    "Task": "Logoff",
    "TargetUserName": "temp_user",
    "TargetLogonId": "0x9a8b7c",
    "ProcessName": "winlogon.exe",
    "ProcessId": 1024,
    "Computer": "LAB-PC-01",
    "WorkstationName": "LAB-PC-01",
    "Message": "An account was logged off"
  },
  {
    "log_source": "linux_syslog",
    "timestamp": "2024-01-15T08:40:55.456Z",
    "facility": "mail",
    "severity": "info",
    "hostname": "mail-02",
    "tag": "postfix/smtpd",
    "pid": 7891,
    "message": "connect from unknown[192.168.50.100]",
    "uid": 109,
    "user": "postfix",
    "exe": "/usr/lib/postfix/sbin/smtpd"
  },
  {
    "log_source": "paloalto",
    "time_generated": "2024-01-15T08:41:33.789Z",
    "serial": "PA-VM-007",
    "type": "TRAFFIC",
    "subtype": "start",
    "src": "192.168.100.25",
    "dst": "1.1.1.1",
    "sport": 53,
    "dport": 53,
    "proto": "udp",
    "srcuser": "george",
    "app": "dns",
    "action": "allow",
    "bytes": 0,
    "devicename": "PA-FW-07",
    "rule": "DNS-Allow"
  },
  {
    "log_source": "aws_cloudtrail",
    "eventTime": "2024-01-15T08:42:00.000Z",
    "eventID": "55555555-6666-7777-8888-999999999999",
    "eventName": "StartInstances",
    "sourceIPAddress": "203.0.113.75",
    "userIdentity.userName": "auto-scaling",
    "userIdentity.principalId": "AIDAI23HZ27SI6FQMGNQ8",
    "awsRegion": "eu-central-1",
    "recipientAccountId": "333344445555",
    "requestParameters": "{\"instancesSet\":{\"items\":[{\"instanceId\":\"i-1234567890abcdef0\"}]}}",
    "eventSource": "ec2.amazonaws.com"
  },
  {
    "log_source": "windows",
    "TimeCreated": "2024-01-15T08:43:11.234Z",
    "EventID": "4698",
    "Level": "Information",
    "Task": "Scheduled Task",
    "SubjectUserName": "task_scheduler",
    "ProcessName": "taskeng.exe",
    "ProcessId": 2468,
    "NewProcessName": "C:\\Windows\\System32\\taskeng.exe",
    "CommandLine": "taskeng.exe {12345678-1234-5678-9012-123456789012}",
    "Computer": "TASK-SRV-01",
    "Message": "A scheduled task was created"
  },
  {
    "log_source": "linux_syslog",
    "timestamp": "2024-01-15T08:44:22.567Z",
    "facility": "user",
    "severity": "debug",
    "hostname": "dev-01",
    "tag": "python3",
    "pid": 13579,
    "message": "Starting application server on port 8080",
    "uid": 1002,
    "user": "developer",
    "cmd": "python3 app.py",
    "exe": "/usr/bin/python3"
  },
  {
    "log_source": "paloalto",
    "time_generated": "2024-01-15T08:45:44.890Z",
    "serial": "PA-VM-008",
    "type": "THREAT",
    "subtype": "url",
    "src": "10.50.1.200",
    "dst": "185.199.109.154",
    "sport": 80,
    "dport": 443,
    "proto": "tcp",
    "srcuser": "helen",
    "app": "web-browsing",
    "action": "block-url",
    "devicename": "PA-FW-08",
    "rule": "URL-Filtering"
  },
  {
    "log_source": "aws_cloudtrail",
    "eventTime": "2024-01-15T08:46:30.000Z",
    "eventID": "66666666-7777-8888-9999-aaaaaaaaaaaa",
    "eventName": "GetObject",
    "sourceIPAddress": "192.0.2.100",
    "userIdentity.userName": "analytics-user",
    "userIdentity.principalId": "AIDAI23HZ27SI6FQMGNQ9",
    "awsRegion": "ap-northeast-1",
    "recipientAccountId": "666677778888",
    "requestParameters": "{\"bucketName\":\"analytics-data\",\"key\":\"reports/monthly/2024-01.csv\"}",
    "eventSource": "s3.amazonaws.com"
  },
  {
    "log_source": "windows",
    "TimeCreated": "2024-01-15T08:47:15.678Z",
    "EventID": "4720",
    "Level": "Information",
    "Task": "User Account Management",
    "SubjectUserName": "hr_admin",
    "TargetUserName": "new_employee",
    "ProcessName": "lsass.exe",
    "ProcessId": 512,
    "Computer": "HR-SRV-01",
    "TargetDomainName": "CORP",
    "Message": "A user account was created"
  },
  {
    "log_source": "linux_syslog",
    "timestamp": "2024-01-15T08:48:33.123Z",
    "facility": "local7",
    "severity": "error",
    "hostname": "monitor-01",
    "tag": "nagios",
    "pid": 24680,
    "message": "SERVICE ALERT: web-01;HTTP;CRITICAL;HARD;3;Connection refused",
    "uid": 1003,
    "user": "nagios",
    "exe": "/usr/local/nagios/bin/nagios"
  },
  {
    "log_source": "paloalto",
    "time_generated": "2024-01-15T08:49:07.456Z",
    "serial": "PA-VM-009",
    "type": "TRAFFIC",
    "subtype": "end",
    "src": "172.30.1.50",
    "dst": "172.30.2.100",
    "sport": 22,
    "dport": 2222,
    "proto": "tcp",
    "srcuser": "ivan",
    "app": "ssh",
    "action": "allow",
    "bytes": 1048576,
    "bytes_sent": 524288,
    "bytes_received": 524288,
    "devicename": "PA-FW-09",
    "rule": "SSH-Management"
  },
  {
    "log_source": "aws_cloudtrail",
    "eventTime": "2024-01-15T08:50:00.000Z",
    "eventID": "77777777-8888-9999-aaaa-bbbbbbbbbbbb",
    "eventName": "ModifyDBInstance",
    "sourceIPAddress": "198.51.100.200",
    "userIdentity.userName": "dba-team",
    "userIdentity.principalId": "AIDAI23HZ27SI6FQMGNQ0",
    "awsRegion": "us-east-2",
    "recipientAccountId": "999900001111",
    "requestParameters": "{\"dBInstanceIdentifier\":\"prod-db-01\",\"allocatedStorage\":500}",
    "eventSource": "rds.amazonaws.com"
  },
  {
    "log_source": "windows",
    "TimeCreated": "2024-01-15T08:51:25.789Z",
    "EventID": "4647",
    "Level": "Information",
    "Task": "Logoff",
    "TargetUserName": "consultant",
    "TargetLogonId": "0x5d4c3b",
    "ProcessName": "winlogon.exe",
    "ProcessId": 1024,
    "Computer": "GUEST-PC-01",
    "Message": "User initiated logoff"
  },
  {
    "log_source": "linux_syslog",
    "timestamp": "2024-01-15T08:52:44.012Z",
    "facility": "ftp",
    "severity": "info",
    "hostname": "ftp-01",
    "tag": "vsftpd",
    "pid": 35791,
    "message": "CONNECT: Client \"192.168.75.25\", \"anonymous login succeeded\"",
    "uid": 14,
    "user": "ftp",
    "exe": "/usr/sbin/vsftpd"
  },
  {
    "log_source": "paloalto",
    "time_generated": "2024-01-15T08:53:18.345Z",
    "serial": "PA-VM-010",
    "type": "THREAT",
    "subtype": "file",
    "src": "10.75.1.150",
    "dst": "104.16.133.229",
    "sport": 443,
    "dport": 80,
    "proto": "tcp",
    "srcuser": "jack",
    "app": "web-browsing",
    "action": "alert",
    "devicename": "PA-FW-10",
    "rule": "File-Blocking"
  },
  {
    "log_source": "aws_cloudtrail",
    "eventTime": "2024-01-15T08:54:15.000Z",
    "eventID": "88888888-9999-aaaa-bbbb-cccccccccccc",
    "eventName": "CreateRole",
    "sourceIPAddress": "10.0.5.100",
    "userIdentity.userName": "security-admin",
    "userIdentity.principalId": "AIDAI23HZ27SI6FQMGNA1",
    "awsRegion": "ca-central-1",
    "recipientAccountId": "222233334444",
    "requestParameters": "{\"roleName\":\"CrossAccountAccessRole\",\"assumeRolePolicyDocument\":\"{}\"}",
    "eventSource": "iam.amazonaws.com"
  },
  {
    "log_source": "windows",
    "TimeCreated": "2024-01-15T08:55:07.234Z",
    "EventID": "4663",
    "Level": "Information",
    "Task": "File System",
    "SubjectUserName": "auditor",
    "ProcessName": "explorer.exe",
    "ProcessId": 4567,
    "NewProcessName": "C:\\Windows\\explorer.exe",
    "TargetObject": "C:\\AuditLogs\\2024-01-15.log",
    "Computer": "AUDIT-WS-01",
    "Message": "An attempt was made to access an object"
  },
  {
    "log_source": "linux_syslog",
    "timestamp": "2024-01-15T08:56:39.567Z",
    "facility": "local1",
    "severity": "warning",
    "hostname": "lb-01",
    "tag": "haproxy",
    "pid": 46802,
    "message": "Server web-02/web-02 is DOWN, reason: Layer4 connection problem",
    "uid": 105,
    "user": "haproxy",
    "exe": "/usr/sbin/haproxy"
  },
  {
    "log_source": "paloalto",
    "time_generated": "2024-01-15T08:57:22.678Z",
    "serial": "PA-VM-011",
    "type": "TRAFFIC",
    "subtype": "drop",
    "src": "203.0.113.200",
    "dst": "192.168.200.50",
    "sport": 80,
    "dport": 25,
    "proto": "tcp",
    "app": "smtp",
    "action": "drop",
    "devicename": "PA-FW-11",
    "rule": "Default-Deny"
  },
  {
    "log_source": "aws_cloudtrail",
    "eventTime": "2024-01-15T08:58:00.000Z",
    "eventID": "99999999-aaaa-bbbb-cccc-dddddddddddd",
    "eventName": "TerminateInstances",
    "sourceIPAddress": "203.0.113.150",
    "userIdentity.userName": "cost-optimizer",
    "userIdentity.principalId": "AIDAI23HZ27SI6FQMGNA2",
    "awsRegion": "sa-east-1",
    "recipientAccountId": "555566667777",
    "requestParameters": "{\"instancesSet\":{\"items\":[{\"instanceId\":\"i-abcdef1234567890\"}]}}",
    "eventSource": "ec2.amazonaws.com"},
  {
    "log_source": "windows",
    "TimeCreated": "2024-01-15T08:59:13.890Z",
    "EventID": "4740",
    "Level": "Warning",
    "Task": "User Account Management",
    "TargetUserName": "brute_force_target",
    "SubjectUserName": "SYSTEM",
    "ProcessName": "lsass.exe",
    "ProcessId": 512,
    "Computer": "AUTH-SRV-01",
    "TargetDomainName": "CORP",
    "Message": "A user account was locked out"
  },
  {
    "log_source": "linux_syslog",
    "timestamp": "2024-01-15T09:00:45.123Z",
    "facility": "local2",
    "severity": "critical",
    "hostname": "storage-01",
    "tag": "raid",
    "pid": 57913,
    "message": "RAID array /dev/md0 has failed disk /dev/sda2",
    "uid": 0,
    "user": "root",
    "exe": "kernel"
  },
  {
    "log_source": "paloalto",
    "time_generated": "2024-01-15T09:01:17.456Z",
    "serial": "PA-VM-012",
    "type": "THREAT",
    "subtype": "wildfire",
    "src": "10.100.1.75",
    "dst": "185.199.110.154",
    "sport": 443,
    "dport": 80,
    "proto": "tcp",
    "srcuser": "karen",
    "app": "web-browsing",
    "action": "block-ip",
    "devicename": "PA-FW-12",
    "rule": "Wildfire-Analysis"
  },
  {
    "log_source": "aws_cloudtrail",
    "eventTime": "2024-01-15T09:02:30.000Z",
    "eventID": "aaaaaaaa-bbbb-cccc-dddd-eeeeeeeeeeee",
    "eventName": "CreateSnapshot",
    "sourceIPAddress": "192.0.2.200",
    "userIdentity.userName": "backup-automation",
    "userIdentity.principalId": "AIDAI23HZ27SI6FQMGNA3",
    "awsRegion": "ap-south-1",
    "recipientAccountId": "888899990000",
    "requestParameters": "{\"volumeId\":\"vol-1234567890abcdef0\",\"description\":\"Daily backup snapshot\"}",
    "eventSource": "ec2.amazonaws.com"
  },
  {
    "log_source": "windows",
    "TimeCreated": "2024-01-15T09:03:08.234Z",
    "EventID": "4768",
    "Level": "Information",
    "Task": "Kerberos Authentication Service",
    "TargetUserName": "service_account_web",
    "ProcessName": "lsass.exe",
    "ProcessId": 512,
    "Computer": "DC-02",
    "IpAddress": "192.168.10.100",
    "Message": "A Kerberos authentication ticket (TGT) was requested"
  },
  {
    "log_source": "linux_syslog",
    "timestamp": "2024-01-15T09:04:55.567Z",
    "facility": "local3",
    "severity": "info",
    "hostname": "cache-01",
    "tag": "redis-server",
    "pid": 68024,
    "message": "DB saved on disk",
    "uid": 106,
    "user": "redis",
    "cmd": "redis-server *:6379",
    "exe": "/usr/bin/redis-server"
  },
  {
    "log_source": "paloalto",
    "time_generated": "2024-01-15T09:05:33.789Z",
    "serial": "PA-VM-013",
    "type": "TRAFFIC",
    "subtype": "end",
    "src": "172.25.1.100",
    "dst": "172.25.5.200",
    "sport": 1521,
    "dport": 1521,
    "proto": "tcp",
    "srcuser": "larry",
    "app": "oracle",
    "action": "allow",
    "bytes": 20971520,
    "bytes_sent": 10485760,
    "bytes_received": 10485760,
    "devicename": "PA-FW-13",
    "rule": "Database-Access"
  },
  {
    "log_source": "aws_cloudtrail",
    "eventTime": "2024-01-15T09:06:00.000Z",
    "eventID": "bbbbbbbb-cccc-dddd-eeee-ffffffffffff",
    "eventName": "AttachPolicy",
    "sourceIPAddress": "10.0.10.100",
    "userIdentity.userName": "policy-manager",
    "userIdentity.principalId": "AIDAI23HZ27SI6FQMGNA4",
    "awsRegion": "us-west-2",
    "recipientAccountId": "111122223333",
    "requestParameters": "{\"policyArn\":\"arn:aws:iam::111122223333:policy/ReadOnlyAccess\",\"userName\":\"readonly-user\"}",
    "eventSource": "iam.amazonaws.com"
  },
  {
    "log_source": "windows",
    "TimeCreated": "2024-01-15T09:07:22.012Z",
    "EventID": "4771",
    "Level": "Warning",
    "Task": "Kerberos Authentication Service",
    "TargetUserName": "expired_account",
    "ProcessName": "lsass.exe",
    "ProcessId": 512,
    "Computer": "DC-03",
    "IpAddress": "192.168.20.150",
    "Message": "Kerberos pre-authentication failed"
  }
]
